<?xml version="1.0" encoding="UTF-8"?>
<!-- Generated by org.testng.reporters.JUnitXMLReporter -->
<testsuite hostname="TORANA-L073" ignored="0" name="Surefire test" tests="6" failures="2" timestamp="2020-04-11T15:46:41 IST" time="64.652" errors="0">
  <testcase name="iCEDQlogoPresenceTest" time="3.627" classname="allureReport.ProjectTest"/>
  <testcase name="iCEDQloginTitleTest" time="0.011" classname="allureReport.ProjectTest">
    <failure type="java.lang.AssertionError" message="expected [Automate ETL/ DW Testing, Data Migration Testing, BI Report Testing | iCEDQ1111] but found [Automate ETL/ DW Testing, Data Migration Testing, BI Report Testing | iCEDQ]">
      <![CDATA[java.lang.AssertionError: expected [Automate ETL/ DW Testing, Data Migration Testing, BI Report Testing | iCEDQ1111] but found [Automate ETL/ DW Testing, Data Migration Testing, BI Report Testing | iCEDQ]
at allureReport.ProjectTest.iCEDQloginTitleTest(ProjectTest.java:59)
at java.util.ArrayList.forEach(ArrayList.java:1249)
... Removed 36 stack frames]]>
    </failure>
  </testcase> <!-- iCEDQloginTitleTest -->
  <testcase name="productStandardEtest" time="18.546" classname="allureReport.ProjectTest"/>
  <testcase name="dataConnectorLinkTest" time="3.296" classname="allureReport.ProjectTest"/>
  <testcase name="tryNowTest" time="20.032" classname="allureReport.ProjectTest">
    <failure type="org.openqa.selenium.NoSuchElementException" message="no such element: Unable to locate element: {&amp;quot;method&amp;quot;:&amp;quot;xpath&amp;quot;,&amp;quot;selector&amp;quot;:&amp;quot;//a[@class=&amp;apos;vc_general vc_btn3 vc_btn3-size-lg vc_btn3-shape-square vc_btn3-style-custom&amp;apos;]&amp;quot;}
  (Session info: chrome=80.0.3987.163)
For documentation on this error, please visit: https://selenium.dev/exceptions/#no_such_element
Build info: version: &amp;apos;4.0.0-alpha-4&amp;apos;, revision: &amp;apos;c2d955b49e&amp;apos;
System info: host: &amp;apos;TORANA-L073&amp;apos;, ip: &amp;apos;192.168.42.102&amp;apos;, os.name: &amp;apos;Windows 10&amp;apos;, os.arch: &amp;apos;amd64&amp;apos;, os.version: &amp;apos;10.0&amp;apos;, java.version: &amp;apos;1.8.0_91-3-ojdkbuild&amp;apos;
Driver info: org.openqa.selenium.chrome.ChromeDriver
Capabilities {acceptInsecureCerts: false, browserName: chrome, browserVersion: 80.0.3987.163, chrome: {chromedriverVersion: 80.0.3987.106 (f68069574609..., userDataDir: C:\Users\VIVEKR~1\AppData\L...}, goog:chromeOptions: {debuggerAddress: localhost:50701}, javascriptEnabled: true, networkConnectionEnabled: false, pageLoadStrategy: normal, platform: WINDOWS, platformName: WINDOWS, proxy: Proxy(), setWindowRect: true, strictFileInteractability: false, timeouts: {implicit: 0, pageLoad: 300000, script: 30000}, unhandledPromptBehavior: dismiss and notify}
Session ID: 0493e95f1bcfd8104fb98c93b9350ce1
*** Element info: {Using=xpath, value=//a[@class=&amp;apos;vc_general vc_btn3 vc_btn3-size-lg vc_btn3-shape-square vc_btn3-style-custom&amp;apos;]}">
      <![CDATA[org.openqa.selenium.NoSuchElementException: no such element: Unable to locate element: {"method":"xpath","selector":"//a[@class='vc_general vc_btn3 vc_btn3-size-lg vc_btn3-shape-square vc_btn3-style-custom']"}
  (Session info: chrome=80.0.3987.163)
For documentation on this error, please visit: https://selenium.dev/exceptions/#no_such_element
Build info: version: '4.0.0-alpha-4', revision: 'c2d955b49e'
System info: host: 'TORANA-L073', ip: '192.168.42.102', os.name: 'Windows 10', os.arch: 'amd64', os.version: '10.0', java.version: '1.8.0_91-3-ojdkbuild'
Driver info: org.openqa.selenium.chrome.ChromeDriver
Capabilities {acceptInsecureCerts: false, browserName: chrome, browserVersion: 80.0.3987.163, chrome: {chromedriverVersion: 80.0.3987.106 (f68069574609..., userDataDir: C:\Users\VIVEKR~1\AppData\L...}, goog:chromeOptions: {debuggerAddress: localhost:50701}, javascriptEnabled: true, networkConnectionEnabled: false, pageLoadStrategy: normal, platform: WINDOWS, platformName: WINDOWS, proxy: Proxy(), setWindowRect: true, strictFileInteractability: false, timeouts: {implicit: 0, pageLoad: 300000, script: 30000}, unhandledPromptBehavior: dismiss and notify}
Session ID: 0493e95f1bcfd8104fb98c93b9350ce1
*** Element info: {Using=xpath, value=//a[@class='vc_general vc_btn3 vc_btn3-size-lg vc_btn3-shape-square vc_btn3-style-custom']}
at org.openqa.selenium.remote.codec.w3c.W3CHttpResponseCodec.createException(W3CHttpResponseCodec.java:196)
at org.openqa.selenium.remote.codec.w3c.W3CHttpResponseCodec.decode(W3CHttpResponseCodec.java:129)
at org.openqa.selenium.remote.codec.w3c.W3CHttpResponseCodec.decode(W3CHttpResponseCodec.java:53)
at org.openqa.selenium.remote.HttpCommandExecutor.execute(HttpCommandExecutor.java:161)
at org.openqa.selenium.remote.service.DriverCommandExecutor.execute(DriverCommandExecutor.java:83)
at org.openqa.selenium.remote.RemoteWebDriver.execute(RemoteWebDriver.java:582)
at org.openqa.selenium.remote.RemoteWebDriver.findElement(RemoteWebDriver.java:333)
at org.openqa.selenium.remote.RemoteWebDriver.findElementByXPath(RemoteWebDriver.java:451)
at org.openqa.selenium.By$ByXPath.findElement(By.java:394)
at org.openqa.selenium.remote.RemoteWebDriver.findElement(RemoteWebDriver.java:325)
at allureReport.ProjectTest.tryNowTest(ProjectTest.java:109)
at java.util.ArrayList.forEach(ArrayList.java:1249)
... Removed 35 stack frames]]>
    </failure>
  </testcase> <!-- tryNowTest -->
  <testcase name="resourcesTest" time="0.001" classname="allureReport.ProjectTest">
    <skipped/>
  </testcase> <!-- resourcesTest -->
</testsuite> <!-- Surefire test -->
